Configuring aeson-compat-0.3.3.0...
Building aeson-compat-0.3.3.0...
Preprocessing library aeson-compat-0.3.3.0...
[1 of 2] Compiling Data.Aeson.Compat.Time ( src/Data/Aeson/Compat/Time.hs, .stack-work/dist/x86_64-osx/Cabal-1.22.5.0/build/Data/Aeson/Compat/Time.o )
[2 of 2] Compiling Data.Aeson.Compat ( src/Data/Aeson/Compat.hs, .stack-work/dist/x86_64-osx/Cabal-1.22.5.0/build/Data/Aeson/Compat.o )

src/Data/Aeson/Compat.hs:34:3: Warning:
    ‘eitherDecode’ is exported by ‘module Data.Aeson’ and ‘eitherDecode’

src/Data/Aeson/Compat.hs:34:3: Warning:
    ‘eitherDecode'’ is exported by ‘module Data.Aeson’ and ‘eitherDecode'’

src/Data/Aeson/Compat.hs:34:3: Warning:
    ‘eitherDecodeStrict’ is exported by ‘module Data.Aeson’ and ‘eitherDecodeStrict’

src/Data/Aeson/Compat.hs:34:3: Warning:
    ‘eitherDecodeStrict'’ is exported by ‘module Data.Aeson’ and ‘eitherDecodeStrict'’

src/Data/Aeson/Compat.hs:34:3: Warning:
    ‘.:!’ is exported by ‘module Data.Aeson’ and ‘(.:!)’

src/Data/Aeson/Compat.hs:57:1: Warning:
    The qualified import of ‘Data.Scientific’ is redundant
      except perhaps to import instances from ‘Data.Scientific’
    To import instances alone, use: import Data.Scientific()
In-place registering aeson-compat-0.3.3.0...
Installing library in
/Users/flack/.stack/snapshots/x86_64-osx/lts-6.1/7.10.3/lib/x86_64-osx-ghc-7.10.3/aeson-compat-0.3.3.0-KSJ9hLP3wHj8QU0HefvxHV
Registering aeson-compat-0.3.3.0...
